#
# There is insufficient memory for the Java Runtime Environment to continue.
# Native memory allocation (malloc) failed to allocate 1930896 bytes for Chunk::new
# Possible reasons:
#   The system is out of physical RAM or swap space
#   The process is running with CompressedOops enabled, and the Java Heap may be blocking the growth of the native heap
# Possible solutions:
#   Reduce memory load on the system
#   Increase physical memory or swap space
#   Check if swap backing store is full
#   Decrease Java heap size (-Xmx/-Xms)
#   Decrease number of Java threads
#   Decrease Java thread stack sizes (-Xss)
#   Set larger code cache with -XX:ReservedCodeCacheSize=
#   JVM is running with Unscaled Compressed Oops mode in which the Java heap is
#     placed in the first 4GB address space. The Java Heap base address is the
#     maximum limit for the native heap growth. Please use -XX:HeapBaseMinAddress
#     to set the Java Heap base and to place the Java Heap above 4GB virtual address.
# This output file may be truncated or incomplete.
#
#  Out of Memory Error (allocation.cpp:389), pid=143724, tid=0x0000000000013d30
#
# JRE version: OpenJDK Runtime Environment (8.0_292-b10) (build 1.8.0_292-b10)
# Java VM: OpenJDK 64-Bit Server VM (25.292-b10 mixed mode windows-amd64 compressed oops)
# Failed to write core dump. Minidumps are not enabled by default on client versions of Windows
#

---------------  T H R E A D  ---------------

Current thread (0x000001767f567000):  JavaThread "C2 CompilerThread0" daemon [_thread_in_native, id=81200, stack(0x0000001e86f00000,0x0000001e87000000)]

Stack: [0x0000001e86f00000,0x0000001e87000000]
[error occurred during error reporting (printing stack bounds), id 0xc0000005]

Native frames: (J=compiled Java code, j=interpreted, Vv=VM code, C=native code)


Current CompileTask:
C2:  24071 3625 %     4       org.objectweb.asm.ClassReader::readCode @ 2165 (5089 bytes)


---------------  P R O C E S S  ---------------

Java Threads: ( => current thread )
  0x0000017611de1800 JavaThread "Cache worker for file content cache (C:\Users\Maxime Tournier\.gradle\caches\6.7\fileContent)" [_thread_blocked, id=149328, stack(0x0000001e89d00000,0x0000001e89e00000)]
  0x0000017611dde800 JavaThread "Cache worker for execution history cache (C:\Users\Maxime Tournier\.gradle\caches\6.7\executionHistory)" [_thread_blocked, id=140208, stack(0x0000001e89c00000,0x0000001e89d00000)]
  0x0000017611de1000 JavaThread "Cache worker for cache directory md-rule (C:\Users\Maxime Tournier\.gradle\caches\6.7\md-rule)" [_thread_blocked, id=148604, stack(0x0000001e89b00000,0x0000001e89c00000)]
  0x0000017611ddf800 JavaThread "Cache worker for cache directory md-supplier (C:\Users\Maxime Tournier\.gradle\caches\6.7\md-supplier)" [_thread_blocked, id=133704, stack(0x0000001e89a00000,0x0000001e89b00000)]
  0x0000017611ddd800 JavaThread "Cache worker for checksums cache (D:\Github\TyroBotDiscord\TyroBot\.gradle\checksums)" [_thread_blocked, id=144108, stack(0x0000001e89900000,0x0000001e89a00000)]
  0x0000017611de3000 JavaThread "jar transforms Thread 19" [_thread_blocked, id=149844, stack(0x0000001e89800000,0x0000001e89900000)]
  0x0000017611de0000 JavaThread "jar transforms Thread 18" [_thread_in_native, id=151508, stack(0x0000001e89700000,0x0000001e89800000)]
  0x0000017611dd6000 JavaThread "jar transforms Thread 17" [_thread_blocked, id=137160, stack(0x0000001e89600000,0x0000001e89700000)]
  0x0000017611ddd000 JavaThread "jar transforms Thread 16" [_thread_blocked, id=148320, stack(0x0000001e89500000,0x0000001e89600000)]
  0x0000017611ddc000 JavaThread "jar transforms Thread 15" [_thread_blocked, id=139256, stack(0x0000001e89400000,0x0000001e89500000)]
  0x0000017611ddb800 JavaThread "jar transforms Thread 14" [_thread_blocked, id=125628, stack(0x0000001e89300000,0x0000001e89400000)]
  0x0000017611dd8000 JavaThread "jar transforms Thread 13" [_thread_blocked, id=151256, stack(0x0000001e89200000,0x0000001e89300000)]
  0x0000017611dda000 JavaThread "jar transforms Thread 12" [_thread_blocked, id=85208, stack(0x0000001e89100000,0x0000001e89200000)]
  0x0000017611dd5000 JavaThread "jar transforms Thread 11" [_thread_blocked, id=138388, stack(0x0000001e89000000,0x0000001e89100000)]
  0x0000017611dd9000 JavaThread "jar transforms Thread 10" [_thread_blocked, id=144512, stack(0x0000001e88f00000,0x0000001e89000000)]
  0x0000017611dd6800 JavaThread "jar transforms Thread 9" [_thread_blocked, id=132920, stack(0x0000001e88e00000,0x0000001e88f00000)]
  0x0000017611dd7800 JavaThread "jar transforms Thread 8" [_thread_in_native, id=151340, stack(0x0000001e88d00000,0x0000001e88e00000)]
  0x0000017611dda800 JavaThread "jar transforms Thread 7" [_thread_blocked, id=148056, stack(0x0000001e88c00000,0x0000001e88d00000)]
  0x0000017611dd4800 JavaThread "jar transforms Thread 6" [_thread_blocked, id=143504, stack(0x0000001e88b00000,0x0000001e88c00000)]
  0x0000017612211800 JavaThread "jar transforms Thread 5" [_thread_blocked, id=151284, stack(0x0000001e88a00000,0x0000001e88b00000)]
  0x0000017612210800 JavaThread "jar transforms Thread 4" [_thread_blocked, id=83740, stack(0x0000001e88900000,0x0000001e88a00000)]
  0x0000017612213000 JavaThread "jar transforms Thread 3" [_thread_blocked, id=151152, stack(0x0000001e88800000,0x0000001e88900000)]
  0x0000017612210000 JavaThread "jar transforms Thread 2" [_thread_in_Java, id=135684, stack(0x0000001e88700000,0x0000001e88800000)]
  0x000001761220f000 JavaThread "jar transforms" [_thread_blocked, id=149692, stack(0x0000001e88600000,0x0000001e88700000)]
  0x000001761220d800 JavaThread "Cache worker for file hash cache (D:\Github\TyroBotDiscord\TyroBot\.gradle\6.7\fileHashes)" [_thread_blocked, id=151456, stack(0x0000001e88500000,0x0000001e88600000)]
  0x000001761220c800 JavaThread "Cache worker for journal cache (C:\Users\Maxime Tournier\.gradle\caches\journal-1)" [_thread_blocked, id=132080, stack(0x0000001e88400000,0x0000001e88500000)]
  0x000001761220e800 JavaThread "File lock release action executor" [_thread_blocked, id=151452, stack(0x0000001e88300000,0x0000001e88400000)]
  0x000001761220c000 JavaThread "File lock request listener" [_thread_in_native, id=151172, stack(0x0000001e88200000,0x0000001e88300000)]
  0x0000017612212000 JavaThread "Cache worker for file hash cache (C:\Users\Maxime Tournier\.gradle\caches\6.7\fileHashes)" [_thread_blocked, id=143084, stack(0x0000001e88100000,0x0000001e88200000)]
  0x0000017611525000 JavaThread "Thread-9" [_thread_blocked, id=151428, stack(0x0000001e88000000,0x0000001e88100000)]
  0x0000017611522800 JavaThread "Stdin handler" [_thread_blocked, id=148984, stack(0x0000001e87f00000,0x0000001e88000000)]
  0x000001761151b000 JavaThread "Asynchronous log dispatcher for DefaultDaemonConnection: socket connection from /127.0.0.1:65198 to /127.0.0.1:65205" [_thread_blocked, id=151264, stack(0x0000001e87e00000,0x0000001e87f00000)]
  0x000001761155d800 JavaThread "Daemon worker" [_thread_blocked, id=149564, stack(0x0000001e87d00000,0x0000001e87e00000)]
  0x0000017611541800 JavaThread "Cancel handler" [_thread_blocked, id=145496, stack(0x0000001e87c00000,0x0000001e87d00000)]
  0x00000176114e9000 JavaThread "Handler for socket connection from /127.0.0.1:65198 to /127.0.0.1:65205" [_thread_in_native, id=103120, stack(0x0000001e87b00000,0x0000001e87c00000)]
  0x00000176114e8800 JavaThread "Daemon" [_thread_blocked, id=134920, stack(0x0000001e87a00000,0x0000001e87b00000)]
  0x0000017611504800 JavaThread "Daemon periodic checks" [_thread_blocked, id=64968, stack(0x0000001e87900000,0x0000001e87a00000)]
  0x00000176114ec800 JavaThread "Incoming local TCP Connector on port 65198" [_thread_in_native, id=122584, stack(0x0000001e87800000,0x0000001e87900000)]
  0x0000017610c9e000 JavaThread "Daemon health stats" [_thread_blocked, id=123816, stack(0x0000001e87500000,0x0000001e87600000)]
  0x000001760f9e0800 JavaThread "Service Thread" daemon [_thread_blocked, id=145256, stack(0x0000001e87300000,0x0000001e87400000)]
  0x000001767f59d800 JavaThread "C1 CompilerThread3" daemon [_thread_blocked, id=139128, stack(0x0000001e87200000,0x0000001e87300000)]
  0x000001767f572000 JavaThread "C2 CompilerThread2" daemon [_thread_in_native, id=65464, stack(0x0000001e87100000,0x0000001e87200000)]
  0x000001767f56d000 JavaThread "C2 CompilerThread1" daemon [_thread_in_native, id=116372, stack(0x0000001e87000000,0x0000001e87100000)]
=>0x000001767f567000 JavaThread "C2 CompilerThread0" daemon [_thread_in_native, id=81200, stack(0x0000001e86f00000,0x0000001e87000000)]
  0x000001767f561000 JavaThread "Attach Listener" daemon [_thread_blocked, id=151128, stack(0x0000001e86e00000,0x0000001e86f00000)]
  0x000001767f560800 JavaThread "Signal Dispatcher" daemon [_thread_blocked, id=87652, stack(0x0000001e86d00000,0x0000001e86e00000)]
  0x000001767e93d800 JavaThread "Finalizer" daemon [_thread_blocked, id=109840, stack(0x0000001e86c00000,0x0000001e86d00000)]
  0x000001767f538800 JavaThread "Reference Handler" daemon [_thread_blocked, id=132836, stack(0x0000001e86b00000,0x0000001e86c00000)]
  0x000001767af75000 JavaThread "main" [_thread_blocked, id=148904, stack(0x0000001e86100000,0x0000001e86200000)]

Other Threads:
  0x000001767f512800 VMThread [stack: 0x0000001e86a00000,0x0000001e86b00000] [id=24952]
  0x000001767f5ed800 WatcherThread [stack: 0x0000001e87400000,0x0000001e87500000] [id=144352]

VM state:not at safepoint (normal execution)

VM Mutex/Monitor currently owned by a thread: None

heap address: 0x00000000e0000000, size: 512 MB, Compressed Oops mode: 32-bit
Narrow klass base: 0x0000000000000000, Narrow klass shift: 3
Compressed class space size: 1073741824 Address: 0x0000000100000000

Heap:
 PSYoungGen      total 160256K, used 41750K [0x00000000f5580000, 0x0000000100000000, 0x0000000100000000)
  eden space 145408K, 24% used [0x00000000f5580000,0x00000000f78989d8,0x00000000fe380000)
  from space 14848K, 39% used [0x00000000ff180000,0x00000000ff72d050,0x0000000100000000)
  to   space 14336K, 0% used [0x00000000fe380000,0x00000000fe380000,0x00000000ff180000)
 ParOldGen       total 175104K, used 13344K [0x00000000e0000000, 0x00000000eab00000, 0x00000000f5580000)
  object space 175104K, 7% used [0x00000000e0000000,0x00000000e0d08330,0x00000000eab00000)
 Metaspace       used 37044K, capacity 38312K, committed 38400K, reserved 1083392K
  class space    used 5072K, capacity 5371K, committed 5376K, reserved 1048576K

Card table byte_map: [0x000001767cd80000,0x000001767ce90000] byte_map_base: 0x000001767c680000

Marking Bits: (ParMarkBitMap*) 0x000000005417f7f0
 Begin Bits: [0x000001767cf40000, 0x000001767d740000)
 End Bits:   [0x000001767d740000, 0x000001767df40000)

Polling page: 0x000001767b1c0000

CodeCache: size=245760Kb used=13175Kb max_used=13175Kb free=232584Kb
 bounds [0x0000017600000000, 0x0000017600d00000, 0x000001760f000000]
 total_blobs=4226 nmethods=3512 adapters=627
 compilation: enabled

Compilation events (10 events):
Event: 23.998 Thread 0x000001767f59d800 nmethod 3982 0x0000017600693090 code [0x00000176006931e0, 0x0000017600693318]
Event: 23.998 Thread 0x000001767f59d800 3980       2       org.gradle.internal.classpath.InstrumentingTransformer::access$3300 (4 bytes)
Event: 23.998 Thread 0x000001767f59d800 nmethod 3980 0x00000176001ed3d0 code [0x00000176001ed520, 0x00000176001ed658]
Event: 23.998 Thread 0x000001767f59d800 3981       2       org.gradle.internal.classpath.InstrumentingTransformer::access$1300 (4 bytes)
Event: 23.999 Thread 0x000001767f59d800 nmethod 3981 0x000001760036ad10 code [0x000001760036ae60, 0x000001760036af98]
Event: 23.999 Thread 0x000001767f59d800 3979       2       org.gradle.internal.classpath.InstrumentingTransformer::access$2600 (4 bytes)
Event: 23.999 Thread 0x000001767f59d800 nmethod 3979 0x00000176004ad150 code [0x00000176004ad2a0, 0x00000176004ad3d8]
Event: 24.041 Thread 0x000001767f59d800 3984 %     3       org.objectweb.asm.MethodWriter::visitFrame @ 473 (811 bytes)
Event: 24.045 Thread 0x000001767f59d800 nmethod 3984% 0x00000176008bbad0 code [0x00000176008bbf80, 0x00000176008be2d0]
Event: 24.068 Thread 0x000001767f59d800 3986       3       org.objectweb.asm.MethodWriter::visitFrame (811 bytes)

GC Heap History (10 events):
Event: 19.967 GC heap before
{Heap before GC invocations=8 (full 1):
 PSYoungGen      total 119296K, used 116782K [0x00000000f5580000, 0x00000000fd980000, 0x0000000100000000)
  eden space 107008K, 100% used [0x00000000f5580000,0x00000000fbe00000,0x00000000fbe00000)
  from space 12288K, 79% used [0x00000000fca80000,0x00000000fd40bb90,0x00000000fd680000)
  to   space 12800K, 0% used [0x00000000fbe00000,0x00000000fbe00000,0x00000000fca80000)
 ParOldGen       total 175104K, used 8583K [0x00000000e0000000, 0x00000000eab00000, 0x00000000f5580000)
  object space 175104K, 4% used [0x00000000e0000000,0x00000000e0861eb8,0x00000000eab00000)
 Metaspace       used 33635K, capacity 34884K, committed 35072K, reserved 1079296K
  class space    used 4743K, capacity 5054K, committed 5120K, reserved 1048576K
Event: 19.976 GC heap after
Heap after GC invocations=8 (full 1):
 PSYoungGen      total 119808K, used 9306K [0x00000000f5580000, 0x0000000100000000, 0x0000000100000000)
  eden space 107008K, 0% used [0x00000000f5580000,0x00000000f5580000,0x00000000fbe00000)
  from space 12800K, 72% used [0x00000000fbe00000,0x00000000fc716878,0x00000000fca80000)
  to   space 12800K, 0% used [0x00000000ff380000,0x00000000ff380000,0x0000000100000000)
 ParOldGen       total 175104K, used 8591K [0x00000000e0000000, 0x00000000eab00000, 0x00000000f5580000)
  object space 175104K, 4% used [0x00000000e0000000,0x00000000e0863eb8,0x00000000eab00000)
 Metaspace       used 33635K, capacity 34884K, committed 35072K, reserved 1079296K
  class space    used 4743K, capacity 5054K, committed 5120K, reserved 1048576K
}
Event: 21.255 GC heap before
{Heap before GC invocations=9 (full 1):
 PSYoungGen      total 119808K, used 116314K [0x00000000f5580000, 0x0000000100000000, 0x0000000100000000)
  eden space 107008K, 100% used [0x00000000f5580000,0x00000000fbe00000,0x00000000fbe00000)
  from space 12800K, 72% used [0x00000000fbe00000,0x00000000fc716878,0x00000000fca80000)
  to   space 12800K, 0% used [0x00000000ff380000,0x00000000ff380000,0x0000000100000000)
 ParOldGen       total 175104K, used 8591K [0x00000000e0000000, 0x00000000eab00000, 0x00000000f5580000)
  object space 175104K, 4% used [0x00000000e0000000,0x00000000e0863eb8,0x00000000eab00000)
 Metaspace       used 33635K, capacity 34884K, committed 35072K, reserved 1079296K
  class space    used 4743K, capacity 5054K, committed 5120K, reserved 1048576K
Event: 21.267 GC heap after
Heap after GC invocations=9 (full 1):
 PSYoungGen      total 159744K, used 11723K [0x00000000f5580000, 0x0000000100000000, 0x0000000100000000)
  eden space 146944K, 0% used [0x00000000f5580000,0x00000000f5580000,0x00000000fe500000)
  from space 12800K, 91% used [0x00000000ff380000,0x00000000ffef2e28,0x0000000100000000)
  to   space 13824K, 0% used [0x00000000fe500000,0x00000000fe500000,0x00000000ff280000)
 ParOldGen       total 175104K, used 8599K [0x00000000e0000000, 0x00000000eab00000, 0x00000000f5580000)
  object space 175104K, 4% used [0x00000000e0000000,0x00000000e0865eb8,0x00000000eab00000)
 Metaspace       used 33635K, capacity 34884K, committed 35072K, reserved 1079296K
  class space    used 4743K, capacity 5054K, committed 5120K, reserved 1048576K
}
Event: 21.957 GC heap before
{Heap before GC invocations=10 (full 1):
 PSYoungGen      total 159744K, used 60410K [0x00000000f5580000, 0x0000000100000000, 0x0000000100000000)
  eden space 146944K, 33% used [0x00000000f5580000,0x00000000f850bd88,0x00000000fe500000)
  from space 12800K, 91% used [0x00000000ff380000,0x00000000ffef2e28,0x0000000100000000)
  to   space 13824K, 0% used [0x00000000fe500000,0x00000000fe500000,0x00000000ff280000)
 ParOldGen       total 175104K, used 8599K [0x00000000e0000000, 0x00000000eab00000, 0x00000000f5580000)
  object space 175104K, 4% used [0x00000000e0000000,0x00000000e0865eb8,0x00000000eab00000)
 Metaspace       used 34136K, capacity 35344K, committed 35496K, reserved 1079296K
  class space    used 4822K, capacity 5120K, committed 5120K, reserved 1048576K
Event: 21.965 GC heap after
Heap after GC invocations=10 (full 1):
 PSYoungGen      total 147968K, used 970K [0x00000000f5580000, 0x0000000100000000, 0x0000000100000000)
  eden space 146944K, 0% used [0x00000000f5580000,0x00000000f5580000,0x00000000fe500000)
  from space 1024K, 94% used [0x00000000fe500000,0x00000000fe5f2870,0x00000000fe600000)
  to   space 14848K, 0% used [0x00000000ff180000,0x00000000ff180000,0x0000000100000000)
 ParOldGen       total 175104K, used 14076K [0x00000000e0000000, 0x00000000eab00000, 0x00000000f5580000)
  object space 175104K, 8% used [0x00000000e0000000,0x00000000e0dbf040,0x00000000eab00000)
 Metaspace       used 34136K, capacity 35344K, committed 35496K, reserved 1079296K
  class space    used 4822K, capacity 5120K, committed 5120K, reserved 1048576K
}
Event: 21.965 GC heap before
{Heap before GC invocations=11 (full 2):
 PSYoungGen      total 147968K, used 970K [0x00000000f5580000, 0x0000000100000000, 0x0000000100000000)
  eden space 146944K, 0% used [0x00000000f5580000,0x00000000f5580000,0x00000000fe500000)
  from space 1024K, 94% used [0x00000000fe500000,0x00000000fe5f2870,0x00000000fe600000)
  to   space 14848K, 0% used [0x00000000ff180000,0x00000000ff180000,0x0000000100000000)
 ParOldGen       total 175104K, used 14076K [0x00000000e0000000, 0x00000000eab00000, 0x00000000f5580000)
  object space 175104K, 8% used [0x00000000e0000000,0x00000000e0dbf040,0x00000000eab00000)
 Metaspace       used 34136K, capacity 35344K, committed 35496K, reserved 1079296K
  class space    used 4822K, capacity 5120K, committed 5120K, reserved 1048576K
Event: 22.018 GC heap after
Heap after GC invocations=11 (full 2):
 PSYoungGen      total 147968K, used 0K [0x00000000f5580000, 0x0000000100000000, 0x0000000100000000)
  eden space 146944K, 0% used [0x00000000f5580000,0x00000000f5580000,0x00000000fe500000)
  from space 1024K, 0% used [0x00000000fe500000,0x00000000fe500000,0x00000000fe600000)
  to   space 14848K, 0% used [0x00000000ff180000,0x00000000ff180000,0x0000000100000000)
 ParOldGen       total 175104K, used 13336K [0x00000000e0000000, 0x00000000eab00000, 0x00000000f5580000)
  object space 175104K, 7% used [0x00000000e0000000,0x00000000e0d06330,0x00000000eab00000)
 Metaspace       used 34136K, capacity 35344K, committed 35496K, reserved 1079296K
  class space    used 4822K, capacity 5120K, committed 5120K, reserved 1048576K
}
Event: 23.934 GC heap before
{Heap before GC invocations=12 (full 2):
 PSYoungGen      total 147968K, used 146944K [0x00000000f5580000, 0x0000000100000000, 0x0000000100000000)
  eden space 146944K, 100% used [0x00000000f5580000,0x00000000fe500000,0x00000000fe500000)
  from space 1024K, 0% used [0x00000000fe500000,0x00000000fe500000,0x00000000fe600000)
  to   space 14848K, 0% used [0x00000000ff180000,0x00000000ff180000,0x0000000100000000)
 ParOldGen       total 175104K, used 13336K [0x00000000e0000000, 0x00000000eab00000, 0x00000000f5580000)
  object space 175104K, 7% used [0x00000000e0000000,0x00000000e0d06330,0x00000000eab00000)
 Metaspace       used 37041K, capacity 38312K, committed 38400K, reserved 1083392K
  class space    used 5072K, capacity 5371K, committed 5376K, reserved 1048576K
Event: 23.940 GC heap after
Heap after GC invocations=12 (full 2):
 PSYoungGen      total 160256K, used 5812K [0x00000000f5580000, 0x0000000100000000, 0x0000000100000000)
  eden space 145408K, 0% used [0x00000000f5580000,0x00000000f5580000,0x00000000fe380000)
  from space 14848K, 39% used [0x00000000ff180000,0x00000000ff72d050,0x0000000100000000)
  to   space 14336K, 0% used [0x00000000fe380000,0x00000000fe380000,0x00000000ff180000)
 ParOldGen       total 175104K, used 13344K [0x00000000e0000000, 0x00000000eab00000, 0x00000000f5580000)
  object space 175104K, 7% used [0x00000000e0000000,0x00000000e0d08330,0x00000000eab00000)
 Metaspace       used 37041K, capacity 38312K, committed 38400K, reserved 1083392K
  class space    used 5072K, capacity 5371K, committed 5376K, reserved 1048576K
}

Deoptimization events (10 events):
Event: 23.730 Thread 0x0000017611dd4800 Uncommon trap: reason=class_check action=maybe_recompile pc=0x0000017600c89acc method=org.objectweb.asm.MethodWriter.putFrameType(Ljava/lang/Object;)V @ 26
Event: 23.730 Thread 0x0000017611dd4800 Uncommon trap: reason=class_check action=maybe_recompile pc=0x0000017600c89acc method=org.objectweb.asm.MethodWriter.putFrameType(Ljava/lang/Object;)V @ 26
Event: 23.796 Thread 0x0000017612210000 Uncommon trap: reason=unstable_if action=reinterpret pc=0x0000017600b98540 method=org.objectweb.asm.SymbolTable.addConstantUtf8(Ljava/lang/String;)I @ 40
Event: 23.800 Thread 0x0000017612210000 Uncommon trap: reason=unstable_if action=reinterpret pc=0x0000017600bfefc4 method=org.objectweb.asm.SymbolTable.addConstantUtf8(Ljava/lang/String;)I @ 40
Event: 23.827 Thread 0x0000017611de0000 Uncommon trap: reason=class_check action=maybe_recompile pc=0x0000017600c25474 method=org.objectweb.asm.Label.accept(Lorg/objectweb/asm/MethodVisitor;Z)V @ 2
Event: 23.827 Thread 0x0000017611de0000 Uncommon trap: reason=class_check action=maybe_recompile pc=0x0000017600c25474 method=org.objectweb.asm.Label.accept(Lorg/objectweb/asm/MethodVisitor;Z)V @ 2
Event: 23.827 Thread 0x0000017611de0000 Uncommon trap: reason=class_check action=maybe_recompile pc=0x0000017600c25474 method=org.objectweb.asm.Label.accept(Lorg/objectweb/asm/MethodVisitor;Z)V @ 2
Event: 23.827 Thread 0x0000017611de0000 Uncommon trap: reason=class_check action=maybe_recompile pc=0x0000017600c25474 method=org.objectweb.asm.Label.accept(Lorg/objectweb/asm/MethodVisitor;Z)V @ 2
Event: 23.917 Thread 0x0000017611de0000 Uncommon trap: reason=unstable_if action=reinterpret pc=0x0000017600ceaf44 method=org.objectweb.asm.MethodWriter.visitFrame(II[Ljava/lang/Object;I[Ljava/lang/Object;)V @ 744
Event: 23.993 Thread 0x0000017612210000 Uncommon trap: reason=unstable_if action=reinterpret pc=0x0000017600cb83c4 method=org.gradle.internal.classpath.InstrumentingTransformer$InstrumentingMethodVisitor.visitMethodInsn(ILjava/lang/String;Ljava/lang/String;Ljava/lang/String;Z)V @ 165

Classes redefined (0 events):
No events

Internal exceptions (10 events):
Event: 23.773 Thread 0x0000017611dd6800 Exception <a 'sun/nio/fs/WindowsException'> (0x00000000fb1f6d88) thrown at [C:\wsjdk\Corretto8Src\installers\windows\zip\corretto-build\buildRoot\src\hotspot\src\share\vm\prims\jni.cpp, line 711]
Event: 23.784 Thread 0x0000017612210800 Exception <a 'sun/nio/fs/WindowsException'> (0x00000000fb266c20) thrown at [C:\wsjdk\Corretto8Src\installers\windows\zip\corretto-build\buildRoot\src\hotspot\src\share\vm\prims\jni.cpp, line 711]
Event: 23.818 Thread 0x0000017611dd6800 Exception <a 'sun/nio/fs/WindowsException'> (0x00000000fb1f71b0) thrown at [C:\wsjdk\Corretto8Src\installers\windows\zip\corretto-build\buildRoot\src\hotspot\src\share\vm\prims\jni.cpp, line 711]
Event: 23.819 Thread 0x0000017611dd4800 Exception <a 'sun/nio/fs/WindowsException'> (0x00000000fb6456a8) thrown at [C:\wsjdk\Corretto8Src\installers\windows\zip\corretto-build\buildRoot\src\hotspot\src\share\vm\prims\jni.cpp, line 711]
Event: 23.821 Thread 0x0000017611dd4800 Exception <a 'sun/nio/fs/WindowsException'> (0x00000000fb645ac0) thrown at [C:\wsjdk\Corretto8Src\installers\windows\zip\corretto-build\buildRoot\src\hotspot\src\share\vm\prims\jni.cpp, line 711]
Event: 23.830 Thread 0x0000017612210800 Exception <a 'sun/nio/fs/WindowsException'> (0x00000000fb267048) thrown at [C:\wsjdk\Corretto8Src\installers\windows\zip\corretto-build\buildRoot\src\hotspot\src\share\vm\prims\jni.cpp, line 711]
Event: 23.834 Thread 0x0000017611de3000 Exception <a 'sun/nio/fs/WindowsException'> (0x00000000fc0ba720) thrown at [C:\wsjdk\Corretto8Src\installers\windows\zip\corretto-build\buildRoot\src\hotspot\src\share\vm\prims\jni.cpp, line 711]
Event: 23.835 Thread 0x0000017611de3000 Exception <a 'sun/nio/fs/WindowsException'> (0x00000000fc0baaf0) thrown at [C:\wsjdk\Corretto8Src\installers\windows\zip\corretto-build\buildRoot\src\hotspot\src\share\vm\prims\jni.cpp, line 711]
Event: 24.063 Thread 0x0000017611dd5000 Exception <a 'sun/nio/fs/WindowsException'> (0x00000000f65024f8) thrown at [C:\wsjdk\Corretto8Src\installers\windows\zip\corretto-build\buildRoot\src\hotspot\src\share\vm\prims\jni.cpp, line 711]
Event: 24.064 Thread 0x0000017611dd5000 Exception <a 'sun/nio/fs/WindowsException'> (0x00000000f65028d0) thrown at [C:\wsjdk\Corretto8Src\installers\windows\zip\corretto-build\buildRoot\src\hotspot\src\share\vm\prims\jni.cpp, line 711]

Events (10 events):
Event: 23.952 Executing VM operation: RevokeBias done
Event: 23.952 Executing VM operation: RevokeBias
Event: 23.952 Executing VM operation: RevokeBias done
Event: 23.952 Executing VM operation: RevokeBias
Event: 23.952 Executing VM operation: RevokeBias done
Event: 23.952 Executing VM operation: BulkRevokeBias
Event: 23.953 Executing VM operation: BulkRevokeBias done
Event: 23.993 Thread 0x0000017612210000 Uncommon trap: trap_request=0xffffff65 fr.pc=0x0000017600cb83c4
Event: 23.993 Thread 0x0000017612210000 DEOPT PACKING pc=0x0000017600cb83c4 sp=0x0000001e887fe180
Event: 23.993 Thread 0x0000017612210000 DEOPT UNPACKING pc=0x0000017600045583 sp=0x0000001e887fe168 mode 2


Dynamic libraries:
0x00007ff6cfae0000 - 0x00007ff6cfb1a000 	C:\Users\Maxime Tournier\.jdks\corretto-1.8.0_292\bin\java.exe
0x00007ff87fb50000 - 0x00007ff87fd45000 	C:\WINDOWS\SYSTEM32\ntdll.dll
0x00007ff87e2a0000 - 0x00007ff87e35d000 	C:\WINDOWS\System32\KERNEL32.DLL
0x00007ff87d570000 - 0x00007ff87d838000 	C:\WINDOWS\System32\KERNELBASE.dll
0x00007ff87e1f0000 - 0x00007ff87e29c000 	C:\WINDOWS\System32\ADVAPI32.dll
0x00007ff87eac0000 - 0x00007ff87eb5e000 	C:\WINDOWS\System32\msvcrt.dll
0x00007ff87f120000 - 0x00007ff87f1bb000 	C:\WINDOWS\System32\sechost.dll
0x00007ff87eb60000 - 0x00007ff87ec8b000 	C:\WINDOWS\System32\RPCRT4.dll
0x00007ff87ee50000 - 0x00007ff87eff0000 	C:\WINDOWS\System32\USER32.dll
0x00007ff87d4a0000 - 0x00007ff87d4c2000 	C:\WINDOWS\System32\win32u.dll
0x00007ff87f280000 - 0x00007ff87f2aa000 	C:\WINDOWS\System32\GDI32.dll
0x00007ff87d900000 - 0x00007ff87da0b000 	C:\WINDOWS\System32\gdi32full.dll
0x00007ff87d4d0000 - 0x00007ff87d56d000 	C:\WINDOWS\System32\msvcp_win.dll
0x00007ff87d3a0000 - 0x00007ff87d4a0000 	C:\WINDOWS\System32\ucrtbase.dll
0x00007ff8724b0000 - 0x00007ff87274a000 	C:\WINDOWS\WinSxS\amd64_microsoft.windows.common-controls_6595b64144ccf1df_6.0.19041.1052_none_60b8f8fd71f5e8cb\COMCTL32.dll
0x00007ff87eff0000 - 0x00007ff87f020000 	C:\WINDOWS\System32\IMM32.DLL
0x00007ff84f550000 - 0x00007ff84f63f000 	C:\Users\Maxime Tournier\.jdks\corretto-1.8.0_292\jre\bin\msvcr120.dll
0x00007ff84f6f0000 - 0x00007ff84f796000 	C:\Users\Maxime Tournier\.jdks\corretto-1.8.0_292\jre\bin\msvcp120.dll
0x0000000053990000 - 0x00000000541fe000 	C:\Users\Maxime Tournier\.jdks\corretto-1.8.0_292\jre\bin\server\jvm.dll
0x00007ff87f270000 - 0x00007ff87f278000 	C:\WINDOWS\System32\PSAPI.DLL
0x00007ff874cc0000 - 0x00007ff874cc9000 	C:\WINDOWS\SYSTEM32\WSOCK32.dll
0x00007ff87ec90000 - 0x00007ff87ecfb000 	C:\WINDOWS\System32\WS2_32.dll
0x00007ff872fe0000 - 0x00007ff873007000 	C:\WINDOWS\SYSTEM32\WINMM.dll
0x00007ff874ae0000 - 0x00007ff874aea000 	C:\WINDOWS\SYSTEM32\VERSION.dll
0x00007ff877170000 - 0x00007ff87717f000 	C:\Users\Maxime Tournier\.jdks\corretto-1.8.0_292\jre\bin\verify.dll
0x00007ff84fe40000 - 0x00007ff84fe69000 	C:\Users\Maxime Tournier\.jdks\corretto-1.8.0_292\jre\bin\java.dll
0x00007ff86ded0000 - 0x00007ff86dee6000 	C:\Users\Maxime Tournier\.jdks\corretto-1.8.0_292\jre\bin\zip.dll
0x00007ff87e360000 - 0x00007ff87ea9f000 	C:\WINDOWS\System32\SHELL32.dll
0x00007ff87ae10000 - 0x00007ff87b5a0000 	C:\WINDOWS\SYSTEM32\windows.storage.dll
0x00007ff87de90000 - 0x00007ff87e1e5000 	C:\WINDOWS\System32\combase.dll
0x00007ff87cc30000 - 0x00007ff87cc5c000 	C:\WINDOWS\SYSTEM32\Wldp.dll
0x00007ff87f1c0000 - 0x00007ff87f26e000 	C:\WINDOWS\System32\SHCORE.dll
0x00007ff87f2b0000 - 0x00007ff87f305000 	C:\WINDOWS\System32\shlwapi.dll
0x00007ff87d1d0000 - 0x00007ff87d1ef000 	C:\WINDOWS\SYSTEM32\profapi.dll
0x00007ff84f530000 - 0x00007ff84f54a000 	C:\Users\Maxime Tournier\.jdks\corretto-1.8.0_292\jre\bin\net.dll
0x00007ff87c9a0000 - 0x00007ff87ca0a000 	C:\WINDOWS\system32\mswsock.dll
0x00007ff84f510000 - 0x00007ff84f522000 	C:\Users\Maxime Tournier\.jdks\corretto-1.8.0_292\jre\bin\nio.dll
0x00007ff85a0d0000 - 0x00007ff85a0f6000 	C:\Users\Maxime Tournier\.gradle\native\fdc75f09e3144964f2cf3f50f0aa648679c211496f362492102eb8c894070792\windows-amd64\native-platform.dll
0x00007ff849dd0000 - 0x00007ff849f61000 	C:\Users\Maxime Tournier\.gradle\native\12488b8bf47d2d4c9fbf2f6322a914ad602e24e48041cd04a747c6da556b65c4\windows-amd64\native-platform-file-events.dll
0x00007ff874bd0000 - 0x00007ff874bdd000 	C:\Users\Maxime Tournier\.jdks\corretto-1.8.0_292\jre\bin\management.dll
0x00007ff87cb70000 - 0x00007ff87cb88000 	C:\WINDOWS\SYSTEM32\CRYPTSP.dll
0x00007ff87c340000 - 0x00007ff87c374000 	C:\WINDOWS\system32\rsaenh.dll
0x00007ff87d840000 - 0x00007ff87d867000 	C:\WINDOWS\System32\bcrypt.dll
0x00007ff87d150000 - 0x00007ff87d17e000 	C:\WINDOWS\SYSTEM32\USERENV.dll
0x00007ff87d870000 - 0x00007ff87d8f3000 	C:\WINDOWS\System32\bcryptprimitives.dll
0x00007ff87cb90000 - 0x00007ff87cb9c000 	C:\WINDOWS\SYSTEM32\CRYPTBASE.dll
0x00007ff87c690000 - 0x00007ff87c6cb000 	C:\WINDOWS\SYSTEM32\IPHLPAPI.DLL
0x00007ff87f020000 - 0x00007ff87f028000 	C:\WINDOWS\System32\NSI.dll
0x00007ff8730c0000 - 0x00007ff8730d7000 	C:\WINDOWS\SYSTEM32\dhcpcsvc6.DLL
0x00007ff874af0000 - 0x00007ff874b0d000 	C:\WINDOWS\SYSTEM32\dhcpcsvc.DLL
0x00007ff87c6d0000 - 0x00007ff87c79c000 	C:\WINDOWS\SYSTEM32\DNSAPI.dll
0x00007ff874bc0000 - 0x00007ff874bcb000 	C:\WINDOWS\SYSTEM32\WINNSI.DLL

VM Arguments:
jvm_args: -XX:MaxMetaspaceSize=256m -XX:+HeapDumpOnOutOfMemoryError -Xms256m -Xmx512m -Dfile.encoding=windows-1252 -Duser.country=FR -Duser.language=fr -Duser.variant 
java_command: org.gradle.launcher.daemon.bootstrap.GradleDaemon 6.7
java_class_path (initial): C:\Users\Maxime Tournier\.gradle\wrapper\dists\gradle-6.7-bin\efvqh8uyq79v2n7rcncuhu9sv\gradle-6.7\lib\gradle-launcher-6.7.jar
Launcher Type: SUN_STANDARD

Environment Variables:
JAVA_HOME=C:\Program Files (x86)\Java\jdk1.8.0_66
PATH=C:\Program Files (x86)\Common Files\Oracle\Java\javapath;C:\ProgramData\Oracle\Java\javapath;C:\WINDOWS\system32;C:\WINDOWS;C:\WINDOWS\System32\Wbem;C:\WINDOWS\System32\WindowsPowerShell\v1.0\;C:\WINDOWS\System32\OpenSSH\;C:\Program Files\PuTTY\;C:\Program Files\Git\cmd;D:\Programmes\Touch Portal\plugins\adb\platform-tools;C:\Program Files\nodejs\;C:\Users\Maxime Tournier\AppData\Local\Microsoft\WindowsApps;C:\Users\Maxime Tournier\AppData\Local\atom\bin;D:\Programmes\Microsoft VS Code\bin;C:\Users\Maxime Tournier\AppData\Roaming\npm;C:\Users\Maxime Tournier\AppData\Local\GitHubDesktop\bin;%USERPROFILE%\AppData\Local\Microsoft\WindowsApps;
USERNAME=Maxime Tournier
OS=Windows_NT
PROCESSOR_IDENTIFIER=AMD64 Family 23 Model 24 Stepping 1, AuthenticAMD



---------------  S Y S T E M  ---------------

OS: Windows 10.0 , 64 bit Build 19041 (10.0.19041.1023)

CPU:total 8 (initial active 8) (8 cores per cpu, 1 threads per core) family 23 model 24 stepping 1, cmov, cx8, fxsr, mmx, sse, sse2, sse3, ssse3, sse4.1, sse4.2, popcnt, avx, avx2, aes, clmul, mmxext, 3dnowpref, lzcnt, sse4a, tsc, tscinvbit, tscinv, bmi1

Memory: 4k page, physical 7274124k(38068k free), swap 17759880k(5892k free)

vm_info: OpenJDK 64-Bit Server VM (25.292-b10) for windows-amd64 JRE (1.8.0_292-b10), built on Apr 14 2021 23:06:53 by "Administrator" with MS VC++ 12.0 (VS2013)

time: Mon Jun 28 09:10:22 2021
timezone: Paris, Madrid (heure d?été)
elapsed time: 24.080089 seconds (0d 0h 0m 24s)

